TN:
SF:src/App.tsx
FN:32,PageContent
FN:47,App
FN:48,(anonymous_2)
FN:53,(anonymous_3)
FN:54,handleAuthExpired
FN:59,(anonymous_5)
FN:62,handleLogin
FN:100,(anonymous_7)
FN:103,(anonymous_8)
FN:122,(anonymous_9)
FNF:10
FNH:10
FNDA:31,PageContent
FNDA:35,App
FNDA:12,(anonymous_2)
FNDA:31,(anonymous_3)
FNDA:1,handleAuthExpired
FNDA:31,(anonymous_5)
FNDA:2,handleLogin
FNDA:310,(anonymous_7)
FNDA:20,(anonymous_8)
FNDA:1,(anonymous_9)
DA:19,2
DA:33,31
DA:34,3
DA:35,13
DA:36,1
DA:37,1
DA:38,7
DA:39,1
DA:40,1
DA:41,1
DA:42,2
DA:43,1
DA:48,35
DA:49,35
DA:50,35
DA:53,35
DA:55,1
DA:56,1
DA:58,31
DA:59,31
DA:63,2
DA:64,2
DA:65,1
DA:66,1
DA:70,35
DA:71,4
DA:74,31
DA:101,310
DA:103,20
DA:122,1
LF:30
LH:30
BRDA:33,0,0,3
BRDA:33,0,1,13
BRDA:33,0,2,1
BRDA:33,0,3,1
BRDA:33,0,4,7
BRDA:33,0,5,1
BRDA:33,0,6,1
BRDA:33,0,7,1
BRDA:33,0,8,2
BRDA:33,0,9,1
BRDA:64,1,0,1
BRDA:64,1,1,1
BRDA:70,2,0,4
BRDA:70,2,1,31
BRDA:107,3,0,31
BRDA:107,3,1,279
BRDA:108,4,0,31
BRDA:108,4,1,279
BRDA:135,5,0,3
BRDA:135,5,1,28
BRF:20
BRH:20
end_of_record
TN:
SF:src/api/client.ts
FN:10,setToken
FN:15,clearToken
FN:20,getToken
FN:27,request
FN:40,(anonymous_4)
FN:55,(anonymous_5)
FN:74,(anonymous_6)
FN:91,(anonymous_7)
FN:92,(anonymous_8)
FN:93,(anonymous_9)
FN:94,(anonymous_10)
FN:110,(anonymous_11)
FN:111,(anonymous_12)
FN:112,(anonymous_13)
FN:114,(anonymous_14)
FN:116,(anonymous_15)
FN:127,(anonymous_16)
FN:128,(anonymous_17)
FN:129,(anonymous_18)
FN:130,(anonymous_19)
FN:146,(anonymous_20)
FN:170,(anonymous_21)
FN:174,(anonymous_22)
FN:175,(anonymous_23)
FN:176,(anonymous_24)
FN:194,(anonymous_25)
FN:195,(anonymous_26)
FN:211,(anonymous_27)
FNF:28
FNH:22
FNDA:165,setToken
FNDA:290,clearToken
FNDA:225,getToken
FNDA:117,request
FNDA:1,(anonymous_4)
FNDA:0,(anonymous_5)
FNDA:6,(anonymous_6)
FNDA:27,(anonymous_7)
FNDA:0,(anonymous_8)
FNDA:2,(anonymous_9)
FNDA:1,(anonymous_10)
FNDA:23,(anonymous_11)
FNDA:0,(anonymous_12)
FNDA:1,(anonymous_13)
FNDA:0,(anonymous_14)
FNDA:2,(anonymous_15)
FNDA:8,(anonymous_16)
FNDA:0,(anonymous_17)
FNDA:1,(anonymous_18)
FNDA:1,(anonymous_19)
FNDA:20,(anonymous_20)
FNDA:2,(anonymous_21)
FNDA:9,(anonymous_22)
FNDA:1,(anonymous_23)
FNDA:3,(anonymous_24)
FNDA:5,(anonymous_25)
FNDA:0,(anonymous_26)
FNDA:5,(anonymous_27)
DA:6,10
DA:8,10
DA:11,165
DA:12,165
DA:16,290
DA:17,290
DA:21,225
DA:25,10
DA:33,117
DA:37,117
DA:39,117
DA:40,117
DA:42,117
DA:43,117
DA:50,116
DA:51,16
DA:52,3
DA:53,3
DA:55,16
DA:56,16
DA:59,100
DA:60,96
DA:62,17
DA:63,1
DA:65,16
DA:67,117
DA:73,10
DA:75,6
DA:90,10
DA:91,27
DA:92,0
DA:93,2
DA:94,1
DA:109,10
DA:110,23
DA:111,0
DA:113,1
DA:115,0
DA:116,2
DA:126,10
DA:127,8
DA:128,0
DA:129,1
DA:130,1
DA:145,10
DA:147,20
DA:148,20
DA:149,20
DA:150,20
DA:151,20
DA:169,10
DA:171,2
DA:174,9
DA:175,1
DA:177,3
DA:193,10
DA:194,5
DA:196,0
DA:210,10
DA:212,5
LF:60
LH:55
BRDA:6,0,0,10
BRDA:6,0,1,10
BRDA:37,1,0,97
BRDA:37,1,1,20
BRDA:46,2,0,15
BRDA:46,2,1,102
BRDA:50,3,0,16
BRDA:50,3,1,100
BRDA:51,4,0,3
BRDA:51,4,1,13
BRDA:59,5,0,4
BRDA:59,5,1,96
BRDA:62,6,0,1
BRDA:62,6,1,16
BRDA:62,7,0,17
BRDA:62,7,1,1
BRDA:148,8,0,20
BRDA:148,8,1,0
BRDA:149,9,0,20
BRDA:149,9,1,0
BRDA:150,10,0,2
BRDA:150,10,1,18
BRF:22
BRH:20
end_of_record
TN:
SF:src/components/ui.tsx
FN:13,Btn
FN:30,Card
FN:43,PageHeader
FN:55,Badge
FN:64,Input
FN:75,Modal
FN:99,EmptyState
FN:109,Spinner
FN:120,sanitizeErrorMessage
FN:137,ErrorBox
FNF:10
FNH:10
FNDA:970,Btn
FNDA:213,Card
FNDA:303,PageHeader
FNDA:245,Badge
FNDA:425,Input
FNDA:60,Modal
FNDA:117,EmptyState
FNDA:66,Spinner
FNDA:12,sanitizeErrorMessage
FNDA:12,ErrorBox
DA:14,970
DA:25,970
DA:31,213
DA:44,303
DA:56,245
DA:65,425
DA:78,60
DA:100,117
DA:110,66
DA:121,12
DA:129,12
DA:130,53
DA:131,3
DA:134,9
DA:138,12
LF:15
LH:15
BRDA:13,0,0,379
BRDA:13,1,0,737
BRDA:18,2,0,233
BRDA:18,2,1,737
BRDA:19,3,0,233
BRDA:19,3,1,737
BRDA:20,4,0,970
BRDA:20,4,1,380
BRDA:21,5,0,970
BRDA:21,5,1,180
BRDA:22,6,0,970
BRDA:22,6,1,410
BRDA:67,7,0,425
BRDA:67,7,1,425
BRDA:130,8,0,3
BRDA:130,8,1,50
BRF:16
BRH:16
end_of_record
TN:
SF:src/dashboard/D3Graphs.tsx
FN:59,HierarchyGraph
FN:62,(anonymous_1)
FN:82,(anonymous_2)
FN:83,(anonymous_3)
FN:91,(anonymous_4)
FN:93,(anonymous_5)
FN:95,(anonymous_6)
FN:98,(anonymous_7)
FN:100,(anonymous_8)
FN:101,(anonymous_9)
FN:107,(anonymous_10)
FN:113,(anonymous_11)
FN:117,(anonymous_12)
FN:141,ForceGraph
FN:144,(anonymous_14)
FN:160,(anonymous_15)
FN:178,(anonymous_16)
FN:180,(anonymous_17)
FN:184,(anonymous_18)
FN:185,(anonymous_19)
FN:192,(anonymous_20)
FN:193,(anonymous_21)
FN:202,(anonymous_22)
FN:204,(anonymous_23)
FN:206,(anonymous_24)
FN:207,(anonymous_25)
FN:208,(anonymous_26)
FN:209,(anonymous_27)
FN:210,(anonymous_28)
FN:213,(anonymous_29)
FNF:30
FNH:27
FNDA:41,HierarchyGraph
FNDA:41,(anonymous_1)
FNDA:666,(anonymous_2)
FNDA:666,(anonymous_3)
FNDA:374,(anonymous_4)
FNDA:3,(anonymous_5)
FNDA:943,(anonymous_6)
FNDA:374,(anonymous_7)
FNDA:195,(anonymous_8)
FNDA:195,(anonymous_9)
FNDA:374,(anonymous_10)
FNDA:374,(anonymous_11)
FNDA:374,(anonymous_12)
FNDA:4,ForceGraph
FNDA:4,(anonymous_14)
FNDA:8,(anonymous_15)
FNDA:1,(anonymous_16)
FNDA:0,(anonymous_17)
FNDA:0,(anonymous_18)
FNDA:0,(anonymous_19)
FNDA:8,(anonymous_20)
FNDA:8,(anonymous_21)
FNDA:8,(anonymous_22)
FNDA:6,(anonymous_23)
FNDA:6,(anonymous_24)
FNDA:6,(anonymous_25)
FNDA:6,(anonymous_26)
FNDA:6,(anonymous_27)
FNDA:12,(anonymous_28)
FNDA:3,(anonymous_29)
DA:36,4
DA:43,4
DA:60,41
DA:62,41
DA:63,41
DA:64,41
DA:65,41
DA:67,41
DA:69,41
DA:70,41
DA:71,41
DA:74,41
DA:82,666
DA:83,666
DA:87,41
DA:91,374
DA:93,3
DA:95,943
DA:98,374
DA:100,195
DA:101,195
DA:105,41
DA:107,374
DA:112,41
DA:113,374
DA:117,374
DA:121,41
DA:142,4
DA:144,4
DA:145,4
DA:146,3
DA:147,3
DA:150,3
DA:158,3
DA:160,8
DA:165,3
DA:173,3
DA:178,1
DA:181,0
DA:182,0
DA:184,0
DA:186,0
DA:187,0
DA:191,3
DA:192,8
DA:193,8
DA:197,3
DA:202,8
DA:204,3
DA:205,6
DA:206,6
DA:207,6
DA:208,6
DA:209,6
DA:210,12
DA:213,3
DA:216,4
LF:57
LH:52
BRDA:59,0,0,0
BRDA:59,1,0,0
BRDA:63,2,0,0
BRDA:63,2,1,41
BRDA:95,3,0,121
BRDA:95,3,1,822
BRDA:95,4,0,222
BRDA:95,4,1,600
BRDA:98,5,0,374
BRDA:98,5,1,313
BRDA:117,6,0,0
BRDA:117,6,1,374
BRDA:141,7,0,0
BRDA:141,8,0,0
BRDA:145,9,0,1
BRDA:145,9,1,3
BRDA:145,10,0,4
BRDA:145,10,1,4
BRDA:181,11,0,0
BRDA:181,11,1,0
BRDA:186,12,0,0
BRDA:186,12,1,0
BRDA:192,13,0,4
BRDA:192,13,1,4
BRDA:202,14,0,0
BRDA:202,14,1,8
BRDA:206,15,0,6
BRDA:206,15,1,0
BRDA:207,16,0,6
BRDA:207,16,1,0
BRDA:208,17,0,6
BRDA:208,17,1,0
BRDA:209,18,0,6
BRDA:209,18,1,0
BRDA:210,19,0,12
BRDA:210,19,1,0
BRDA:210,20,0,12
BRDA:210,20,1,0
BRF:38
BRH:21
end_of_record
TN:
SF:src/dashboard/DashComponents.tsx
FN:29,HudPanel
FN:72,(anonymous_1)
FN:85,(anonymous_2)
FN:106,RiskTicker
FN:124,(anonymous_4)
FN:148,DrillInspector
FN:166,(anonymous_6)
FN:208,LayerFilterBar
FN:218,(anonymous_8)
FN:221,(anonymous_9)
FNF:10
FNH:9
FNDA:5,HudPanel
FNDA:12,(anonymous_1)
FNDA:0,(anonymous_2)
FNDA:20,RiskTicker
FNDA:1,(anonymous_4)
FNDA:20,DrillInspector
FNDA:3,(anonymous_6)
FNDA:19,LayerFilterBar
FNDA:76,(anonymous_8)
FNDA:4,(anonymous_9)
DA:30,5
DA:32,4
DA:37,4
DA:42,4
DA:73,12
DA:85,0
DA:107,20
DA:109,1
DA:125,1
DA:149,20
DA:153,20
DA:167,3
DA:209,19
DA:216,19
DA:219,76
DA:221,4
LF:16
LH:15
BRDA:30,0,0,1
BRDA:30,0,1,4
BRDA:32,1,0,4
BRDA:32,1,1,0
BRDA:60,2,0,4
BRDA:60,2,1,0
BRDA:76,3,0,12
BRDA:76,3,1,0
BRDA:76,4,0,12
BRDA:76,4,1,12
BRDA:83,5,0,4
BRDA:83,5,1,0
BRDA:107,6,0,19
BRDA:107,6,1,1
BRDA:126,7,0,1
BRDA:126,7,1,0
BRDA:127,8,0,1
BRDA:127,8,1,1
BRDA:162,9,0,19
BRDA:162,9,1,1
BRDA:174,10,0,3
BRDA:174,10,1,0
BRDA:181,11,0,3
BRDA:181,11,1,0
BRDA:181,11,2,0
BRDA:185,12,0,3
BRDA:185,12,1,2
BRDA:224,13,0,19
BRDA:224,13,1,57
BRDA:225,14,0,19
BRDA:225,14,1,57
BRF:31
BRH:23
end_of_record
TN:
SF:src/dashboard/Dashboard.tsx
FN:54,Dashboard
FN:63,(anonymous_1)
FN:76,handleHierarchyNodeClick
FN:84,handleNetworkNodeClick
FN:113,(anonymous_4)
FN:113,(anonymous_5)
FN:144,(anonymous_6)
FN:163,(anonymous_7)
FN:196,(anonymous_8)
FNF:9
FNH:6
FNDA:18,Dashboard
FNDA:7,(anonymous_1)
FNDA:2,handleHierarchyNodeClick
FNDA:0,handleNetworkNodeClick
FNDA:2,(anonymous_4)
FNDA:2,(anonymous_5)
FNDA:72,(anonymous_6)
FNDA:0,(anonymous_7)
FNDA:0,(anonymous_8)
DA:19,3
DA:39,3
DA:46,3
DA:55,18
DA:56,18
DA:57,18
DA:58,18
DA:59,18
DA:62,18
DA:63,18
DA:64,7
DA:65,7
DA:66,3
DA:67,3
DA:68,0
DA:72,18
DA:74,18
DA:77,2
DA:81,2
DA:85,0
DA:91,18
DA:113,2
DA:145,72
DA:163,0
DA:196,0
LF:25
LH:21
BRDA:65,0,0,4
BRDA:65,0,1,3
BRDA:68,1,0,0
BRDA:68,1,1,0
BRDA:81,2,0,0
BRDA:81,2,1,2
BRDA:113,3,0,1
BRDA:113,3,1,1
BRDA:160,4,0,0
BRDA:160,4,1,18
BRDA:191,5,0,18
BRDA:191,5,1,2
BRF:12
BRH:8
end_of_record
TN:
SF:src/dashboard/i18n.ts
FN:60,t
FNF:1
FNH:1
FNDA:562,t
DA:11,5
DA:61,562
LF:2
LH:2
BRDA:61,0,0,358
BRDA:61,0,1,204
BRF:2
BRH:2
end_of_record
TN:
SF:src/dashboard/useRiskEvents.ts
FN:32,useRiskEvents
FN:39,(anonymous_1)
FN:44,(anonymous_2)
FN:49,(anonymous_3)
FN:64,(anonymous_4)
FN:72,(anonymous_5)
FN:76,(anonymous_6)
FN:80,(anonymous_7)
FN:88,(anonymous_8)
FN:111,(anonymous_9)
FNF:10
FNH:9
FNDA:61,useRiskEvents
FNDA:16,(anonymous_1)
FNDA:10,(anonymous_2)
FNDA:9,(anonymous_3)
FNDA:6,(anonymous_4)
FNDA:0,(anonymous_5)
FNDA:213,(anonymous_6)
FNDA:213,(anonymous_7)
FNDA:18,(anonymous_8)
FNDA:10,(anonymous_9)
DA:22,4
DA:24,4
DA:26,4
DA:28,4
DA:30,4
DA:33,61
DA:34,61
DA:35,61
DA:36,61
DA:37,61
DA:39,61
DA:40,16
DA:41,16
DA:42,16
DA:44,16
DA:45,10
DA:46,10
DA:49,16
DA:50,9
DA:52,9
DA:53,2
DA:54,2
DA:57,7
DA:58,6
DA:62,6
DA:63,6
DA:64,6
DA:65,6
DA:68,1
DA:72,16
DA:76,16
DA:77,213
DA:78,213
DA:79,213
DA:80,213
DA:88,61
DA:90,18
DA:91,0
DA:92,0
DA:94,18
DA:95,0
DA:96,0
DA:97,0
DA:99,18
DA:102,18
DA:104,18
DA:105,8
DA:106,8
DA:109,10
DA:111,10
DA:112,10
DA:113,2
DA:114,2
DA:116,10
DA:117,7
DA:118,7
DA:119,7
DA:121,10
DA:125,61
LF:59
LH:54
BRDA:30,0,0,4
BRDA:30,0,1,4
BRDA:40,1,0,6
BRDA:40,1,1,10
BRDA:52,2,0,2
BRDA:52,2,1,7
BRDA:57,3,0,6
BRDA:57,3,1,1
BRDA:79,4,0,213
BRDA:79,4,1,0
BRDA:90,5,0,0
BRDA:90,5,1,18
BRDA:94,6,0,0
BRDA:94,6,1,18
BRDA:104,7,0,8
BRDA:104,7,1,10
BRDA:112,8,0,2
BRDA:112,8,1,8
BRDA:116,9,0,7
BRDA:116,9,1,3
BRF:20
BRH:17
end_of_record
TN:
SF:src/pages/AdminPages.tsx
FN:12,EtlPage
FN:17,load
FN:24,(anonymous_2)
FN:26,statusBadge
FN:33,duration
FN:52,(anonymous_5)
FN:76,TenantsPage
FN:85,load
FN:92,(anonymous_8)
FN:94,handleCreate
FN:107,handleDeleteConfirm
FN:118,statusBadge
FN:128,(anonymous_12)
FN:137,(anonymous_13)
FN:146,(anonymous_14)
FN:154,(anonymous_15)
FN:156,(anonymous_16)
FN:158,(anonymous_17)
FN:165,(anonymous_18)
FN:168,(anonymous_19)
FN:181,QualityBar
FN:197,QualityPage
FN:204,(anonymous_22)
FN:206,(anonymous_23)
FN:207,(anonymous_24)
FN:210,(anonymous_25)
FN:215,(anonymous_26)
FN:216,(anonymous_27)
FN:224,(anonymous_28)
FN:225,(anonymous_29)
FNF:30
FNH:27
FNDA:10,EtlPage
FNDA:5,load
FNDA:5,(anonymous_2)
FNDA:5,statusBadge
FNDA:5,duration
FNDA:5,(anonymous_5)
FNDA:26,TenantsPage
FNDA:10,load
FNDA:8,(anonymous_8)
FNDA:1,handleCreate
FNDA:1,handleDeleteConfirm
FNDA:18,statusBadge
FNDA:1,(anonymous_12)
FNDA:18,(anonymous_13)
FNDA:2,(anonymous_14)
FNDA:0,(anonymous_15)
FNDA:3,(anonymous_16)
FNDA:0,(anonymous_17)
FNDA:0,(anonymous_18)
FNDA:1,(anonymous_19)
FNDA:10,QualityBar
FNDA:16,QualityPage
FNDA:5,(anonymous_22)
FNDA:4,(anonymous_23)
FNDA:1,(anonymous_24)
FNDA:10,(anonymous_25)
FNDA:1,(anonymous_26)
FNDA:5,(anonymous_27)
FNDA:1,(anonymous_28)
FNDA:15,(anonymous_29)
DA:13,10
DA:14,10
DA:15,10
DA:18,5
DA:19,5
DA:20,1
DA:21,5
DA:24,10
DA:27,5
DA:28,3
DA:29,2
DA:30,1
DA:34,5
DA:35,2
DA:36,2
DA:39,10
DA:53,5
DA:77,26
DA:78,26
DA:79,26
DA:80,26
DA:81,26
DA:82,26
DA:83,26
DA:86,10
DA:87,10
DA:88,1
DA:89,10
DA:92,26
DA:95,1
DA:96,1
DA:97,1
DA:98,1
DA:99,1
DA:100,1
DA:101,1
DA:103,0
DA:104,1
DA:108,1
DA:109,1
DA:110,1
DA:111,1
DA:112,1
DA:114,0
DA:119,18
DA:120,2
DA:121,1
DA:124,26
DA:128,1
DA:138,18
DA:146,2
DA:154,0
DA:156,3
DA:158,0
DA:165,0
DA:168,1
DA:182,10
DA:183,10
DA:184,10
DA:198,16
DA:199,16
DA:200,16
DA:201,16
DA:202,16
DA:204,16
DA:205,5
DA:206,4
DA:207,1
DA:210,16
DA:211,10
DA:212,5
DA:213,5
DA:215,1
DA:216,5
DA:219,16
DA:224,1
DA:225,15
LF:77
LH:72
BRDA:20,0,0,1
BRDA:20,0,1,0
BRDA:27,1,0,2
BRDA:27,1,1,3
BRDA:28,2,0,1
BRDA:28,2,1,2
BRDA:29,3,0,1
BRDA:29,3,1,1
BRDA:34,4,0,3
BRDA:34,4,1,2
BRDA:36,5,0,0
BRDA:36,5,1,2
BRDA:45,6,0,10
BRDA:45,6,1,1
BRDA:46,7,0,5
BRDA:46,7,1,5
BRDA:46,8,0,2
BRDA:46,8,1,3
BRDA:57,9,0,5
BRDA:57,9,1,0
BRDA:63,10,0,5
BRDA:63,10,1,4
BRDA:88,11,0,1
BRDA:88,11,1,0
BRDA:95,12,0,0
BRDA:95,12,1,1
BRDA:103,13,0,0
BRDA:103,13,1,0
BRDA:108,14,0,0
BRDA:108,14,1,1
BRDA:114,15,0,0
BRDA:114,15,1,0
BRDA:119,16,0,16
BRDA:119,16,1,2
BRDA:120,17,0,1
BRDA:120,17,1,1
BRDA:130,18,0,26
BRDA:130,18,1,1
BRDA:131,19,0,8
BRDA:131,19,1,18
BRDA:131,20,0,2
BRDA:131,20,1,16
BRDA:153,21,0,26
BRDA:153,21,1,5
BRDA:159,22,0,1
BRDA:159,22,1,4
BRDA:164,23,0,26
BRDA:164,23,1,2
BRDA:181,24,0,10
BRDA:183,25,0,10
BRDA:183,25,1,0
BRDA:183,26,0,0
BRDA:183,26,1,0
BRDA:188,27,0,10
BRDA:188,27,1,0
BRDA:206,28,0,4
BRDA:206,28,1,0
BRDA:211,29,0,5
BRDA:211,29,1,5
BRDA:222,30,0,16
BRDA:222,30,1,1
BRDA:228,31,0,1
BRDA:228,31,1,15
BRDA:228,32,0,10
BRDA:228,32,1,5
BRDA:233,33,0,4
BRDA:233,33,1,1
BRDA:237,34,0,4
BRDA:237,34,1,1
BRDA:238,35,0,4
BRDA:238,35,1,1
BRDA:246,36,0,5
BRDA:246,36,1,0
BRDA:247,37,0,0
BRDA:247,37,1,5
BRF:75
BRH:58
end_of_record
TN:
SF:src/pages/AuditPage.tsx
FN:10,AuditPage
FN:17,load
FN:28,(anonymous_2)
FN:30,eventVariant
FN:37,sanitizeCsvField
FN:44,handleExport
FN:47,(anonymous_6)
FN:71,(anonymous_7)
FN:74,(anonymous_8)
FN:87,(anonymous_9)
FN:101,(anonymous_10)
FN:101,(anonymous_11)
FN:103,(anonymous_12)
FN:103,(anonymous_13)
FNF:14
FNH:14
FNDA:40,AuditPage
FNDA:18,load
FNDA:18,(anonymous_2)
FNDA:44,eventVariant
FNDA:24,sanitizeCsvField
FNDA:2,handleExport
FNDA:4,(anonymous_6)
FNDA:1,(anonymous_7)
FNDA:320,(anonymous_8)
FNDA:44,(anonymous_9)
FNDA:1,(anonymous_10)
FNDA:1,(anonymous_11)
FNDA:2,(anonymous_12)
FNDA:2,(anonymous_13)
DA:8,3
DA:11,40
DA:12,40
DA:13,40
DA:14,40
DA:15,40
DA:18,18
DA:19,18
DA:20,18
DA:22,0
DA:24,18
DA:28,40
DA:31,44
DA:32,22
DA:33,22
DA:34,22
DA:38,24
DA:39,4
DA:41,20
DA:45,2
DA:48,4
DA:53,2
DA:54,2
DA:55,2
DA:56,2
DA:57,2
DA:58,2
DA:59,2
DA:62,40
DA:71,1
DA:75,320
DA:88,44
DA:101,1
DA:103,2
LF:34
LH:33
BRDA:20,0,0,18
BRDA:20,0,1,17
BRDA:22,1,0,0
BRDA:22,1,1,0
BRDA:31,2,0,22
BRDA:31,2,1,22
BRDA:32,3,0,0
BRDA:32,3,1,22
BRDA:32,4,0,22
BRDA:32,4,1,22
BRDA:32,4,2,22
BRDA:33,5,0,0
BRDA:33,5,1,22
BRDA:33,6,0,22
BRDA:33,6,1,22
BRDA:38,7,0,4
BRDA:38,7,1,20
BRDA:48,8,0,4
BRDA:48,8,1,1
BRDA:48,9,0,4
BRDA:48,9,1,0
BRDA:75,10,0,320
BRDA:75,10,1,40
BRDA:79,11,0,40
BRDA:79,11,1,0
BRDA:80,12,0,18
BRDA:80,12,1,22
BRDA:80,13,0,0
BRDA:80,13,1,22
BRDA:91,14,0,44
BRDA:91,14,1,21
BRDA:92,15,0,44
BRDA:92,15,1,0
BRF:33
BRH:25
end_of_record
TN:
SF:src/pages/LoginPage.tsx
FN:12,LoginPage
FN:18,handleSubmit
FN:56,(anonymous_2)
FN:64,(anonymous_3)
FN:81,(anonymous_4)
FN:88,(anonymous_5)
FNF:6
FNH:6
FNDA:129,LoginPage
FNDA:4,handleSubmit
FNDA:68,(anonymous_2)
FNDA:46,(anonymous_3)
FNDA:1,(anonymous_4)
FNDA:1,(anonymous_5)
DA:13,129
DA:14,129
DA:15,129
DA:16,129
DA:19,4
DA:20,4
DA:21,4
DA:22,4
DA:23,4
DA:24,3
DA:25,3
DA:27,1
DA:29,4
DA:33,129
DA:35,129
DA:56,68
DA:64,46
DA:81,1
DA:88,1
LF:19
LH:19
BRDA:27,0,0,1
BRDA:27,0,1,0
BRDA:33,1,0,129
BRDA:33,1,1,129
BRDA:49,2,0,129
BRDA:49,2,1,1
BRDA:69,3,0,4
BRDA:69,3,1,125
BRF:8
BRH:7
end_of_record
TN:
SF:src/pages/MappingPages.tsx
FN:11,DdlUploadPage
FN:17,handleFileChange
FN:21,(anonymous_2)
FN:25,handleGenerate
FN:38,confidenceBadge
FN:59,(anonymous_5)
FN:82,(anonymous_6)
FN:101,MappingsPage
FN:108,load
FN:119,(anonymous_9)
FN:121,handleApprove
FN:126,handleReject
FN:131,handleRejectConfirm
FN:139,handleRejectCancel
FN:144,statusBadge
FN:151,confidenceColor
FN:157,(anonymous_16)
FN:158,(anonymous_17)
FN:176,(anonymous_18)
FN:198,(anonymous_19)
FN:199,(anonymous_20)
FN:219,(anonymous_21)
FN:241,(anonymous_22)
FNF:23
FNH:23
FNDA:80,DdlUploadPage
FNDA:1,handleFileChange
FNDA:1,(anonymous_2)
FNDA:2,handleGenerate
FNDA:2,confidenceBadge
FNDA:71,(anonymous_5)
FNDA:2,(anonymous_6)
FNDA:26,MappingsPage
FNDA:9,load
FNDA:7,(anonymous_9)
FNDA:1,handleApprove
FNDA:2,handleReject
FNDA:1,handleRejectConfirm
FNDA:1,handleRejectCancel
FNDA:19,statusBadge
FNDA:30,confidenceColor
FNDA:34,(anonymous_16)
FNDA:34,(anonymous_17)
FNDA:15,(anonymous_18)
FNDA:1,(anonymous_19)
FNDA:2,(anonymous_20)
FNDA:19,(anonymous_21)
FNDA:7,(anonymous_22)
DA:12,80
DA:13,80
DA:14,80
DA:15,80
DA:18,1
DA:19,1
DA:20,1
DA:21,1
DA:22,1
DA:26,2
DA:27,2
DA:28,2
DA:29,2
DA:30,2
DA:32,1
DA:34,2
DA:39,2
DA:40,0
DA:41,0
DA:44,80
DA:59,71
DA:83,2
DA:102,26
DA:103,26
DA:104,26
DA:105,26
DA:106,26
DA:109,9
DA:110,9
DA:111,9
DA:113,1
DA:115,9
DA:119,26
DA:122,1
DA:123,1
DA:127,2
DA:128,2
DA:132,1
DA:133,1
DA:134,1
DA:135,1
DA:136,1
DA:140,1
DA:141,1
DA:145,19
DA:146,1
DA:147,0
DA:148,0
DA:152,30
DA:153,0
DA:154,0
DA:157,34
DA:158,34
DA:160,26
DA:177,15
DA:198,1
DA:199,2
DA:220,19
DA:241,7
LF:59
LH:53
BRDA:19,0,0,0
BRDA:19,0,1,1
BRDA:21,1,0,1
BRDA:21,1,1,0
BRDA:26,2,0,0
BRDA:26,2,1,2
BRDA:32,3,0,1
BRDA:32,3,1,0
BRDA:39,4,0,2
BRDA:39,4,1,0
BRDA:40,5,0,0
BRDA:40,5,1,0
BRDA:47,6,0,80
BRDA:47,6,1,1
BRDA:64,7,0,80
BRDA:64,7,1,78
BRDA:65,8,0,2
BRDA:65,8,1,78
BRDA:72,9,0,79
BRDA:72,9,1,1
BRDA:113,10,0,1
BRDA:113,10,1,0
BRDA:132,11,0,0
BRDA:132,11,1,1
BRDA:145,12,0,18
BRDA:145,12,1,1
BRDA:146,13,0,1
BRDA:146,13,1,0
BRDA:147,14,0,0
BRDA:147,14,1,0
BRDA:152,15,0,30
BRDA:152,15,1,0
BRDA:153,16,0,0
BRDA:153,16,1,0
BRDA:163,17,0,26
BRDA:163,17,1,1
BRDA:164,18,0,7
BRDA:164,18,1,19
BRDA:166,19,0,19
BRDA:166,19,1,15
BRDA:209,20,0,19
BRDA:209,20,1,17
BRDA:231,21,0,19
BRDA:231,21,1,2
BRDA:235,22,0,26
BRDA:235,22,1,9
BRF:46
BRH:31
end_of_record
TN:
SF:src/pages/RbacPages.tsx
FN:11,GroupsPage
FN:33,RolesPage
FN:40,load
FN:51,(anonymous_3)
FN:53,handleDeleteConfirm
FN:73,(anonymous_5)
FN:75,(anonymous_6)
FN:91,(anonymous_7)
FN:107,(anonymous_8)
FN:113,(anonymous_9)
FN:115,(anonymous_10)
FN:125,(anonymous_11)
FN:138,(anonymous_12)
FN:141,(anonymous_13)
FNF:14
FNH:12
FNDA:2,GroupsPage
FNDA:20,RolesPage
FNDA:8,load
FNDA:6,(anonymous_3)
FNDA:1,handleDeleteConfirm
FNDA:13,(anonymous_5)
FNDA:2,(anonymous_6)
FNDA:2,(anonymous_7)
FNDA:52,(anonymous_8)
FNDA:1,(anonymous_9)
FNDA:0,(anonymous_10)
FNDA:1,(anonymous_11)
FNDA:0,(anonymous_12)
FNDA:1,(anonymous_13)
DA:12,2
DA:24,3
DA:34,20
DA:35,20
DA:36,20
DA:37,20
DA:38,20
DA:41,8
DA:42,8
DA:43,8
DA:45,0
DA:47,8
DA:51,20
DA:54,1
DA:55,1
DA:56,1
DA:57,1
DA:58,1
DA:60,0
DA:64,20
DA:74,13
DA:75,2
DA:91,2
DA:108,52
DA:114,1
DA:115,0
DA:117,1
DA:126,1
DA:127,1
DA:138,0
DA:141,1
LF:31
LH:27
BRDA:45,0,0,0
BRDA:45,0,1,0
BRDA:54,1,0,0
BRDA:54,1,1,1
BRDA:60,2,0,0
BRDA:60,2,1,0
BRDA:67,3,0,20
BRDA:67,3,1,0
BRDA:71,4,0,6
BRDA:71,4,1,14
BRDA:71,5,0,1
BRDA:71,5,1,13
BRDA:78,6,0,4
BRDA:78,6,1,9
BRDA:79,7,0,4
BRDA:79,7,1,9
BRDA:86,8,0,13
BRDA:86,8,1,0
BRDA:103,9,0,4
BRDA:103,9,1,16
BRDA:114,10,0,0
BRDA:114,10,1,1
BRDA:137,11,0,20
BRDA:137,11,1,2
BRF:24
BRH:16
end_of_record
TN:
SF:src/pages/UsersPage.tsx
FN:8,UsersPage
FN:17,load
FN:28,(anonymous_2)
FN:30,handleCreate
FN:45,handleDeleteConfirm
FN:56,statusVariant
FN:66,(anonymous_6)
FN:77,(anonymous_7)
FN:87,(anonymous_8)
FN:96,(anonymous_9)
FN:99,(anonymous_10)
FN:99,(anonymous_11)
FN:101,(anonymous_12)
FN:101,(anonymous_13)
FN:103,(anonymous_14)
FN:103,(anonymous_15)
FN:105,(anonymous_16)
FN:105,(anonymous_17)
FN:107,(anonymous_18)
FN:115,(anonymous_19)
FN:118,(anonymous_20)
FNF:21
FNH:18
FNDA:81,UsersPage
FNDA:22,load
FNDA:20,(anonymous_2)
FNDA:1,handleCreate
FNDA:1,handleDeleteConfirm
FNDA:118,statusVariant
FNDA:1,(anonymous_6)
FNDA:118,(anonymous_7)
FNDA:2,(anonymous_8)
FNDA:0,(anonymous_9)
FNDA:15,(anonymous_10)
FNDA:15,(anonymous_11)
FNDA:7,(anonymous_12)
FNDA:7,(anonymous_13)
FNDA:3,(anonymous_14)
FNDA:3,(anonymous_15)
FNDA:11,(anonymous_16)
FNDA:11,(anonymous_17)
FNDA:0,(anonymous_18)
FNDA:0,(anonymous_19)
FNDA:1,(anonymous_20)
DA:9,81
DA:10,81
DA:11,81
DA:12,81
DA:13,81
DA:14,81
DA:15,81
DA:18,22
DA:19,22
DA:20,22
DA:22,1
DA:24,22
DA:28,81
DA:31,1
DA:32,1
DA:33,1
DA:34,1
DA:35,1
DA:36,1
DA:37,1
DA:39,0
DA:41,1
DA:46,1
DA:47,1
DA:48,1
DA:49,1
DA:50,1
DA:52,0
DA:57,118
DA:58,60
DA:59,1
DA:62,81
DA:66,1
DA:78,118
DA:87,2
DA:96,0
DA:99,15
DA:101,7
DA:103,3
DA:105,11
DA:107,0
DA:115,0
DA:118,1
LF:43
LH:38
BRDA:22,0,0,1
BRDA:22,0,1,0
BRDA:39,1,0,0
BRDA:39,1,1,0
BRDA:46,2,0,0
BRDA:46,2,1,1
BRDA:52,3,0,0
BRDA:52,3,1,0
BRDA:57,4,0,58
BRDA:57,4,1,60
BRDA:58,5,0,59
BRDA:58,5,1,1
BRDA:68,6,0,81
BRDA:68,6,1,1
BRDA:69,7,0,20
BRDA:69,7,1,61
BRDA:69,8,0,2
BRDA:69,8,1,59
BRDA:80,9,0,118
BRDA:80,9,1,0
BRDA:81,10,0,118
BRDA:81,10,1,0
BRDA:95,11,0,81
BRDA:95,11,1,38
BRDA:108,12,0,1
BRDA:108,12,1,37
BRDA:114,13,0,81
BRDA:114,13,1,2
BRF:28
BRH:20
end_of_record
