<?xml version="1.0" encoding="UTF-8"?>
<testsuite xmlns:xsi="http://www.w3.org/2001/XMLSchema-instance" xsi:noNamespaceSchemaLocation="https://maven.apache.org/surefire/maven-surefire-plugin/xsd/surefire-test-report-3.0.xsd" version="3.0" name="com.training.order.OrderServiceTest" time="0.058" tests="1" errors="0" skipped="0" failures="1">
  <properties>
[...]
</properties>
  <testcase name="createOrder_shouldHaveCreatedStatus" classname="com.training.order.OrderServiceTest" time="0.033">
    <failure message="TODO: 取消上方注释，实现 OrderService 后运行" type="org.opentest4j.AssertionFailedError"><![CDATA[org.opentest4j.AssertionFailedError: TODO: 取消上方注释，实现 OrderService 后运行
	at org.junit.jupiter.api.AssertionUtils.fail(AssertionUtils.java:38)
	at org.junit.jupiter.api.Assertions.fail(Assertions.java:138)
	at com.training.order.OrderServiceTest.createOrder_shouldHaveCreatedStatus(OrderServiceTest.java:45)
	at java.base/java.lang.reflect.Method.invoke(Method.java:569)
	at java.base/java.util.ArrayList.forEach(ArrayList.java:1511)
	at java.base/java.util.ArrayList.forEach(ArrayList.java:1511)
]]></failure>
  </testcase>
</testsuite>